<?xml version="1.0" encoding="UTF-8"?>
<coverage generated="1569219377">
  <project timestamp="1569219377">
    <package name="wiejakp\ImageCrop\Exception">
      <file name="/Users/pwiejak/sites/ImageCrop/src/Exception/DoNotCallDirectlyException.php">
        <class name="wiejakp\ImageCrop\Exception\DoNotCallDirectlyException" namespace="wiejakp\ImageCrop\Exception">
          <metrics complexity="0" methods="0" coveredmethods="0" conditionals="0" coveredconditionals="0" statements="0" coveredstatements="0" elements="0" coveredelements="0"/>
        </class>
        <metrics loc="22" ncloc="10" classes="0" methods="0" coveredmethods="0" conditionals="0" coveredconditionals="0" statements="0" coveredstatements="0" elements="0" coveredelements="0"/>
      </file>
      <file name="/Users/pwiejak/sites/ImageCrop/src/Exception/NullReaderException.php">
        <class name="wiejakp\ImageCrop\Exception\NullReaderException" namespace="wiejakp\ImageCrop\Exception">
          <metrics complexity="0" methods="0" coveredmethods="0" conditionals="0" coveredconditionals="0" statements="0" coveredstatements="0" elements="0" coveredelements="0"/>
        </class>
        <metrics loc="22" ncloc="10" classes="0" methods="0" coveredmethods="0" conditionals="0" coveredconditionals="0" statements="0" coveredstatements="0" elements="0" coveredelements="0"/>
      </file>
      <file name="/Users/pwiejak/sites/ImageCrop/src/Exception/NullResourceException.php">
        <class name="wiejakp\ImageCrop\Exception\NullResourceException" namespace="wiejakp\ImageCrop\Exception">
          <metrics complexity="0" methods="0" coveredmethods="0" conditionals="0" coveredconditionals="0" statements="0" coveredstatements="0" elements="0" coveredelements="0"/>
        </class>
        <metrics loc="22" ncloc="10" classes="0" methods="0" coveredmethods="0" conditionals="0" coveredconditionals="0" statements="0" coveredstatements="0" elements="0" coveredelements="0"/>
      </file>
      <file name="/Users/pwiejak/sites/ImageCrop/src/Exception/NullWriterException.php">
        <class name="wiejakp\ImageCrop\Exception\NullWriterException" namespace="wiejakp\ImageCrop\Exception">
          <metrics complexity="0" methods="0" coveredmethods="0" conditionals="0" coveredconditionals="0" statements="0" coveredstatements="0" elements="0" coveredelements="0"/>
        </class>
        <metrics loc="22" ncloc="10" classes="0" methods="0" coveredmethods="0" conditionals="0" coveredconditionals="0" statements="0" coveredstatements="0" elements="0" coveredelements="0"/>
      </file>
      <file name="/Users/pwiejak/sites/ImageCrop/src/Exception/ReaderNotFoundException.php">
        <class name="wiejakp\ImageCrop\Exception\ReaderNotFoundException" namespace="wiejakp\ImageCrop\Exception">
          <metrics complexity="0" methods="0" coveredmethods="0" conditionals="0" coveredconditionals="0" statements="0" coveredstatements="0" elements="0" coveredelements="0"/>
        </class>
        <metrics loc="22" ncloc="10" classes="0" methods="0" coveredmethods="0" conditionals="0" coveredconditionals="0" statements="0" coveredstatements="0" elements="0" coveredelements="0"/>
      </file>
      <file name="/Users/pwiejak/sites/ImageCrop/src/Exception/WriterNotFoundException.php">
        <class name="wiejakp\ImageCrop\Exception\WriterNotFoundException" namespace="wiejakp\ImageCrop\Exception">
          <metrics complexity="0" methods="0" coveredmethods="0" conditionals="0" coveredconditionals="0" statements="0" coveredstatements="0" elements="0" coveredelements="0"/>
        </class>
        <metrics loc="22" ncloc="10" classes="0" methods="0" coveredmethods="0" conditionals="0" coveredconditionals="0" statements="0" coveredstatements="0" elements="0" coveredelements="0"/>
      </file>
    </package>
    <package name="wiejakp\ImageCrop">
      <file name="/Users/pwiejak/sites/ImageCrop/src/ImageCrop.php">
        <class name="wiejakp\ImageCrop\ImageCrop" namespace="wiejakp\ImageCrop">
          <metrics complexity="46" methods="17" coveredmethods="7" conditionals="0" coveredconditionals="0" statements="88" coveredstatements="11" elements="105" coveredelements="18"/>
        </class>
        <line num="54" type="method" name="__construct" visibility="public" complexity="1" crap="1" count="20"/>
        <line num="56" type="stmt" count="20"/>
        <line num="57" type="stmt" count="20"/>
        <line num="58" type="stmt" count="20"/>
        <line num="63" type="method" name="getReaderManager" visibility="public" complexity="1" crap="1" count="20"/>
        <line num="65" type="stmt" count="20"/>
        <line num="71" type="method" name="getWriterManager" visibility="public" complexity="1" crap="1" count="8"/>
        <line num="73" type="stmt" count="8"/>
        <line num="79" type="method" name="getReader" visibility="public" complexity="1" crap="1" count="16"/>
        <line num="81" type="stmt" count="16"/>
        <line num="87" type="method" name="setReader" visibility="public" complexity="1" crap="1" count="12"/>
        <line num="89" type="stmt" count="12"/>
        <line num="91" type="stmt" count="12"/>
        <line num="97" type="method" name="getWriter" visibility="public" complexity="1" crap="1" count="8"/>
        <line num="99" type="stmt" count="8"/>
        <line num="105" type="method" name="setWriter" visibility="public" complexity="1" crap="1" count="8"/>
        <line num="107" type="stmt" count="8"/>
        <line num="109" type="stmt" count="8"/>
        <line num="115" type="method" name="getRGBA" visibility="public" complexity="1" crap="2.00" count="0"/>
        <line num="117" type="stmt" count="0"/>
        <line num="128" type="method" name="setRGBA" visibility="public" complexity="1" crap="2.00" count="0"/>
        <line num="130" type="stmt" count="0"/>
        <line num="132" type="stmt" count="0"/>
        <line num="138" type="method" name="isEmpty" visibility="public" complexity="1" crap="2.00" count="0"/>
        <line num="140" type="stmt" count="0"/>
        <line num="146" type="method" name="cropTop" visibility="public" complexity="7" crap="56.00" count="0"/>
        <line num="148" type="stmt" count="0"/>
        <line num="149" type="stmt" count="0"/>
        <line num="150" type="stmt" count="0"/>
        <line num="152" type="stmt" count="0"/>
        <line num="153" type="stmt" count="0"/>
        <line num="154" type="stmt" count="0"/>
        <line num="155" type="stmt" count="0"/>
        <line num="160" type="stmt" count="0"/>
        <line num="161" type="stmt" count="0"/>
        <line num="163" type="stmt" count="0"/>
        <line num="164" type="stmt" count="0"/>
        <line num="167" type="stmt" count="0"/>
        <line num="168" type="stmt" count="0"/>
        <line num="169" type="stmt" count="0"/>
        <line num="172" type="stmt" count="0"/>
        <line num="173" type="stmt" count="0"/>
        <line num="176" type="stmt" count="0"/>
        <line num="182" type="method" name="cropRight" visibility="public" complexity="7" crap="56.00" count="0"/>
        <line num="184" type="stmt" count="0"/>
        <line num="185" type="stmt" count="0"/>
        <line num="186" type="stmt" count="0"/>
        <line num="188" type="stmt" count="0"/>
        <line num="189" type="stmt" count="0"/>
        <line num="190" type="stmt" count="0"/>
        <line num="191" type="stmt" count="0"/>
        <line num="196" type="stmt" count="0"/>
        <line num="197" type="stmt" count="0"/>
        <line num="199" type="stmt" count="0"/>
        <line num="200" type="stmt" count="0"/>
        <line num="203" type="stmt" count="0"/>
        <line num="204" type="stmt" count="0"/>
        <line num="205" type="stmt" count="0"/>
        <line num="208" type="stmt" count="0"/>
        <line num="209" type="stmt" count="0"/>
        <line num="212" type="stmt" count="0"/>
        <line num="218" type="method" name="cropBottom" visibility="public" complexity="7" crap="56.00" count="0"/>
        <line num="220" type="stmt" count="0"/>
        <line num="221" type="stmt" count="0"/>
        <line num="222" type="stmt" count="0"/>
        <line num="224" type="stmt" count="0"/>
        <line num="225" type="stmt" count="0"/>
        <line num="226" type="stmt" count="0"/>
        <line num="227" type="stmt" count="0"/>
        <line num="232" type="stmt" count="0"/>
        <line num="233" type="stmt" count="0"/>
        <line num="235" type="stmt" count="0"/>
        <line num="236" type="stmt" count="0"/>
        <line num="239" type="stmt" count="0"/>
        <line num="240" type="stmt" count="0"/>
        <line num="241" type="stmt" count="0"/>
        <line num="244" type="stmt" count="0"/>
        <line num="245" type="stmt" count="0"/>
        <line num="248" type="stmt" count="0"/>
        <line num="254" type="method" name="cropLeft" visibility="public" complexity="7" crap="56.00" count="0"/>
        <line num="256" type="stmt" count="0"/>
        <line num="257" type="stmt" count="0"/>
        <line num="258" type="stmt" count="0"/>
        <line num="260" type="stmt" count="0"/>
        <line num="261" type="stmt" count="0"/>
        <line num="262" type="stmt" count="0"/>
        <line num="263" type="stmt" count="0"/>
        <line num="268" type="stmt" count="0"/>
        <line num="269" type="stmt" count="0"/>
        <line num="271" type="stmt" count="0"/>
        <line num="272" type="stmt" count="0"/>
        <line num="275" type="stmt" count="0"/>
        <line num="276" type="stmt" count="0"/>
        <line num="277" type="stmt" count="0"/>
        <line num="280" type="stmt" count="0"/>
        <line num="281" type="stmt" count="0"/>
        <line num="284" type="stmt" count="0"/>
        <line num="290" type="method" name="getData" visibility="public" complexity="2" crap="6.00" count="0"/>
        <line num="292" type="stmt" count="0"/>
        <line num="298" type="method" name="getDataUri" visibility="public" complexity="2" crap="6.00" count="0"/>
        <line num="300" type="stmt" count="0"/>
        <line num="310" type="method" name="isColorMatch" visibility="private" complexity="4" crap="20.00" count="0"/>
        <line num="312" type="stmt" count="0"/>
        <line num="313" type="stmt" count="0"/>
        <line num="315" type="stmt" count="0"/>
        <metrics loc="317" ncloc="236" classes="1" methods="17" coveredmethods="7" conditionals="0" coveredconditionals="0" statements="88" coveredstatements="11" elements="105" coveredelements="18"/>
      </file>
    </package>
    <package name="wiejakp\ImageCrop\Manager">
      <file name="/Users/pwiejak/sites/ImageCrop/src/Manager/AbstractManager.php">
        <class name="wiejakp\ImageCrop\Manager\AbstractManager" namespace="wiejakp\ImageCrop\Manager">
          <metrics complexity="33" methods="16" coveredmethods="7" conditionals="0" coveredconditionals="0" statements="54" coveredstatements="36" elements="70" coveredelements="43"/>
        </class>
        <line num="61" type="method" name="__construct" visibility="public" complexity="1" crap="1" count="20"/>
        <line num="63" type="stmt" count="20"/>
        <line num="64" type="stmt" count="20"/>
        <line num="65" type="stmt" count="20"/>
        <line num="70" type="method" name="getCore" visibility="public" complexity="1" crap="1" count="4"/>
        <line num="72" type="stmt" count="4"/>
        <line num="82" type="method" name="findReader" visibility="public" complexity="2" crap="2.06" count="4"/>
        <line num="84" type="stmt" count="4"/>
        <line num="85" type="stmt" count="0"/>
        <line num="93" type="stmt" count="4"/>
        <line num="95" type="stmt" count="4"/>
        <line num="103" type="method" name="getReader" visibility="public" complexity="2" crap="2" count="16"/>
        <line num="105" type="stmt" count="16"/>
        <line num="106" type="stmt" count="4"/>
        <line num="109" type="stmt" count="12"/>
        <line num="119" type="method" name="setReader" visibility="public" complexity="3" crap="3.02" count="12"/>
        <line num="122" type="stmt" count="12"/>
        <line num="123" type="stmt" count="4"/>
        <line num="124" type="stmt" count="4"/>
        <line num="126" type="stmt" count="8"/>
        <line num="127" type="stmt" count="8"/>
        <line num="128" type="stmt" count="8"/>
        <line num="131" type="stmt" count="0"/>
        <line num="134" type="stmt" count="12"/>
        <line num="142" type="method" name="isReaderClass" visibility="public" complexity="1" crap="1" count="4"/>
        <line num="144" type="stmt" count="4"/>
        <line num="155" type="method" name="findWriter" visibility="public" complexity="2" crap="6.00" count="0"/>
        <line num="157" type="stmt" count="0"/>
        <line num="158" type="stmt" count="0"/>
        <line num="166" type="stmt" count="0"/>
        <line num="168" type="stmt" count="0"/>
        <line num="179" type="method" name="setWriter" visibility="public" complexity="3" crap="3.47" count="8"/>
        <line num="182" type="stmt" count="8"/>
        <line num="183" type="stmt" count="0"/>
        <line num="184" type="stmt" count="0"/>
        <line num="186" type="stmt" count="8"/>
        <line num="187" type="stmt" count="8"/>
        <line num="188" type="stmt" count="8"/>
        <line num="191" type="stmt" count="0"/>
        <line num="194" type="stmt" count="8"/>
        <line num="202" type="method" name="getWriter" visibility="public" complexity="2" crap="2.15" count="8"/>
        <line num="204" type="stmt" count="8"/>
        <line num="205" type="stmt" count="0"/>
        <line num="208" type="stmt" count="8"/>
        <line num="216" type="method" name="isWriterClass" visibility="public" complexity="1" crap="2.00" count="0"/>
        <line num="218" type="stmt" count="0"/>
        <line num="228" type="method" name="getTempFile" visibility="public" complexity="4" crap="4.59" count="8"/>
        <line num="230" type="stmt" count="8"/>
        <line num="231" type="stmt" count="0"/>
        <line num="234" type="stmt" count="8"/>
        <line num="236" type="stmt" count="8"/>
        <line num="237" type="stmt" count="0"/>
        <line num="240" type="stmt" count="8"/>
        <line num="248" type="method" name="getShortName" visibility="public" complexity="2" crap="2" count="8"/>
        <line num="250" type="stmt" count="8"/>
        <line num="252" type="stmt" count="8"/>
        <line num="260" type="method" name="getData" visibility="public" complexity="3" crap="3" count="4"/>
        <line num="262" type="stmt" count="4"/>
        <line num="264" type="stmt" count="4"/>
        <line num="272" type="method" name="getDataUri" visibility="public" complexity="1" crap="2.00" count="0"/>
        <line num="274" type="stmt" count="0"/>
        <line num="275" type="stmt" count="0"/>
        <line num="277" type="stmt" count="0"/>
        <line num="285" type="method" name="getDataMimeType" visibility="public" complexity="3" crap="12.00" count="0"/>
        <line num="287" type="stmt" count="0"/>
        <line num="289" type="stmt" count="0"/>
        <line num="298" type="method" name="isLibraryClass" visibility="protected" complexity="2" crap="2" count="4"/>
        <line num="300" type="stmt" count="4"/>
        <line num="301" type="stmt" count="4"/>
        <line num="303" type="stmt" count="4"/>
        <metrics loc="305" ncloc="185" classes="1" methods="16" coveredmethods="7" conditionals="0" coveredconditionals="0" statements="54" coveredstatements="36" elements="70" coveredelements="43"/>
      </file>
      <file name="/Users/pwiejak/sites/ImageCrop/src/Manager/ReaderManager.php">
        <class name="wiejakp\ImageCrop\Manager\ReaderManager" namespace="wiejakp\ImageCrop\Manager">
          <metrics complexity="0" methods="0" coveredmethods="0" conditionals="0" coveredconditionals="0" statements="0" coveredstatements="0" elements="0" coveredelements="0"/>
        </class>
        <metrics loc="18" ncloc="9" classes="0" methods="0" coveredmethods="0" conditionals="0" coveredconditionals="0" statements="0" coveredstatements="0" elements="0" coveredelements="0"/>
      </file>
      <file name="/Users/pwiejak/sites/ImageCrop/src/Manager/WriterManager.php">
        <class name="wiejakp\ImageCrop\Manager\WriterManager" namespace="wiejakp\ImageCrop\Manager">
          <metrics complexity="0" methods="0" coveredmethods="0" conditionals="0" coveredconditionals="0" statements="0" coveredstatements="0" elements="0" coveredelements="0"/>
        </class>
        <metrics loc="18" ncloc="9" classes="0" methods="0" coveredmethods="0" conditionals="0" coveredconditionals="0" statements="0" coveredstatements="0" elements="0" coveredelements="0"/>
      </file>
    </package>
    <package name="wiejakp\ImageCrop\Reader">
      <file name="/Users/pwiejak/sites/ImageCrop/src/Reader/AbstractReader.php">
        <class name="wiejakp\ImageCrop\Reader\AbstractReader" namespace="wiejakp\ImageCrop\Reader">
          <metrics complexity="11" methods="9" coveredmethods="2" conditionals="0" coveredconditionals="0" statements="18" coveredstatements="5" elements="27" coveredelements="7"/>
        </class>
        <line num="51" type="method" name="__construct" visibility="public" complexity="1" crap="1" count="16"/>
        <line num="53" type="stmt" count="16"/>
        <line num="54" type="stmt" count="16"/>
        <line num="59" type="method" name="getManager" visibility="public" complexity="1" crap="2.00" count="0"/>
        <line num="61" type="stmt" count="0"/>
        <line num="69" type="method" name="setManager" visibility="public" complexity="1" crap="2.00" count="0"/>
        <line num="71" type="stmt" count="0"/>
        <line num="73" type="stmt" count="0"/>
        <line num="81" type="method" name="getResource" visibility="public" complexity="2" crap="2" count="12"/>
        <line num="83" type="stmt" count="12"/>
        <line num="84" type="stmt" count="4"/>
        <line num="87" type="stmt" count="8"/>
        <line num="95" type="method" name="setResource" visibility="public" complexity="1" crap="2.00" count="0"/>
        <line num="97" type="stmt" count="0"/>
        <line num="99" type="stmt" count="0"/>
        <line num="107" type="method" name="loadFromPath" visibility="public" complexity="1" crap="2.00" count="0"/>
        <line num="109" type="stmt" count="0"/>
        <line num="111" type="stmt" count="0"/>
        <line num="117" type="method" name="getName" visibility="public" complexity="2" crap="6.00" count="0"/>
        <line num="119" type="stmt" count="0"/>
        <line num="120" type="stmt" count="0"/>
        <line num="122" type="stmt" count="0"/>
        <line num="128" type="method" name="getClass" visibility="protected" complexity="1" crap="2.00" count="0"/>
        <line num="130" type="stmt" count="0"/>
        <line num="138" type="method" name="setClass" visibility="protected" complexity="1" crap="2.00" count="0"/>
        <line num="140" type="stmt" count="0"/>
        <line num="142" type="stmt" count="0"/>
        <metrics loc="144" ncloc="81" classes="1" methods="9" coveredmethods="2" conditionals="0" coveredconditionals="0" statements="18" coveredstatements="5" elements="27" coveredelements="7"/>
      </file>
      <file name="/Users/pwiejak/sites/ImageCrop/src/Reader/BMPReader.php">
        <class name="wiejakp\ImageCrop\Reader\BMPReader" namespace="wiejakp\ImageCrop\Reader">
          <metrics complexity="4" methods="2" coveredmethods="1" conditionals="0" coveredconditionals="0" statements="9" coveredstatements="6" elements="11" coveredelements="7"/>
        </class>
        <line num="25" type="method" name="__construct" visibility="public" complexity="1" crap="1" count="4"/>
        <line num="27" type="stmt" count="4"/>
        <line num="29" type="stmt" count="4"/>
        <line num="30" type="stmt" count="4"/>
        <line num="39" type="method" name="loadFromPath" visibility="public" complexity="3" crap="4.12" count="2"/>
        <line num="42" type="stmt" count="2"/>
        <line num="43" type="stmt" count="2"/>
        <line num="45" type="stmt" count="0"/>
        <line num="46" type="stmt" count="0"/>
        <line num="47" type="stmt" count="0"/>
        <line num="51" type="stmt" count="2"/>
        <metrics loc="53" ncloc="32" classes="1" methods="2" coveredmethods="1" conditionals="0" coveredconditionals="0" statements="9" coveredstatements="6" elements="11" coveredelements="7"/>
      </file>
      <file name="/Users/pwiejak/sites/ImageCrop/src/Reader/GIFReader.php">
        <class name="wiejakp\ImageCrop\Reader\GIFReader" namespace="wiejakp\ImageCrop\Reader">
          <metrics complexity="4" methods="2" coveredmethods="1" conditionals="0" coveredconditionals="0" statements="9" coveredstatements="6" elements="11" coveredelements="7"/>
        </class>
        <line num="25" type="method" name="__construct" visibility="public" complexity="1" crap="1" count="4"/>
        <line num="27" type="stmt" count="4"/>
        <line num="29" type="stmt" count="4"/>
        <line num="30" type="stmt" count="4"/>
        <line num="39" type="method" name="loadFromPath" visibility="public" complexity="3" crap="4.12" count="2"/>
        <line num="42" type="stmt" count="2"/>
        <line num="43" type="stmt" count="2"/>
        <line num="45" type="stmt" count="0"/>
        <line num="46" type="stmt" count="0"/>
        <line num="47" type="stmt" count="0"/>
        <line num="51" type="stmt" count="2"/>
        <metrics loc="53" ncloc="32" classes="1" methods="2" coveredmethods="1" conditionals="0" coveredconditionals="0" statements="9" coveredstatements="6" elements="11" coveredelements="7"/>
      </file>
      <file name="/Users/pwiejak/sites/ImageCrop/src/Reader/JPEGReader.php">
        <class name="wiejakp\ImageCrop\Reader\JPEGReader" namespace="wiejakp\ImageCrop\Reader">
          <metrics complexity="4" methods="2" coveredmethods="1" conditionals="0" coveredconditionals="0" statements="9" coveredstatements="6" elements="11" coveredelements="7"/>
        </class>
        <line num="25" type="method" name="__construct" visibility="public" complexity="1" crap="1" count="4"/>
        <line num="27" type="stmt" count="4"/>
        <line num="29" type="stmt" count="4"/>
        <line num="30" type="stmt" count="4"/>
        <line num="39" type="method" name="loadFromPath" visibility="public" complexity="3" crap="4.12" count="2"/>
        <line num="42" type="stmt" count="2"/>
        <line num="43" type="stmt" count="2"/>
        <line num="45" type="stmt" count="0"/>
        <line num="46" type="stmt" count="0"/>
        <line num="47" type="stmt" count="0"/>
        <line num="51" type="stmt" count="2"/>
        <metrics loc="53" ncloc="32" classes="1" methods="2" coveredmethods="1" conditionals="0" coveredconditionals="0" statements="9" coveredstatements="6" elements="11" coveredelements="7"/>
      </file>
      <file name="/Users/pwiejak/sites/ImageCrop/src/Reader/PNGReader.php">
        <class name="wiejakp\ImageCrop\Reader\PNGReader" namespace="wiejakp\ImageCrop\Reader">
          <metrics complexity="4" methods="2" coveredmethods="1" conditionals="0" coveredconditionals="0" statements="9" coveredstatements="6" elements="11" coveredelements="7"/>
        </class>
        <line num="25" type="method" name="__construct" visibility="public" complexity="1" crap="1" count="4"/>
        <line num="27" type="stmt" count="4"/>
        <line num="29" type="stmt" count="4"/>
        <line num="30" type="stmt" count="4"/>
        <line num="39" type="method" name="loadFromPath" visibility="public" complexity="3" crap="4.12" count="2"/>
        <line num="42" type="stmt" count="2"/>
        <line num="43" type="stmt" count="2"/>
        <line num="45" type="stmt" count="0"/>
        <line num="46" type="stmt" count="0"/>
        <line num="47" type="stmt" count="0"/>
        <line num="51" type="stmt" count="2"/>
        <metrics loc="53" ncloc="32" classes="1" methods="2" coveredmethods="1" conditionals="0" coveredconditionals="0" statements="9" coveredstatements="6" elements="11" coveredelements="7"/>
      </file>
    </package>
    <package name="wiejakp\ImageCrop\Writer">
      <file name="/Users/pwiejak/sites/ImageCrop/src/Writer/AbstractWriter.php">
        <class name="wiejakp\ImageCrop\Writer\AbstractWriter" namespace="wiejakp\ImageCrop\Writer">
          <metrics complexity="12" methods="9" coveredmethods="4" conditionals="0" coveredconditionals="0" statements="18" coveredstatements="7" elements="27" coveredelements="11"/>
        </class>
        <line num="46" type="method" name="__construct" visibility="public" complexity="1" crap="1" count="8"/>
        <line num="48" type="stmt" count="8"/>
        <line num="49" type="stmt" count="8"/>
        <line num="54" type="method" name="getManager" visibility="public" complexity="1" crap="1" count="4"/>
        <line num="56" type="stmt" count="4"/>
        <line num="64" type="method" name="setManager" visibility="public" complexity="1" crap="2.00" count="0"/>
        <line num="66" type="stmt" count="0"/>
        <line num="68" type="stmt" count="0"/>
        <line num="74" type="method" name="getPath" visibility="public" complexity="2" crap="2" count="8"/>
        <line num="76" type="stmt" count="8"/>
        <line num="77" type="stmt" count="8"/>
        <line num="80" type="stmt" count="8"/>
        <line num="88" type="method" name="setPath" visibility="public" complexity="1" crap="2.00" count="0"/>
        <line num="90" type="stmt" count="0"/>
        <line num="92" type="stmt" count="0"/>
        <line num="100" type="method" name="write" visibility="public" complexity="2" crap="6.00" count="0"/>
        <line num="102" type="stmt" count="0"/>
        <line num="104" type="stmt" count="0"/>
        <line num="110" type="method" name="getName" visibility="public" complexity="2" crap="6.00" count="0"/>
        <line num="112" type="stmt" count="0"/>
        <line num="113" type="stmt" count="0"/>
        <line num="115" type="stmt" count="0"/>
        <line num="121" type="method" name="getClass" visibility="protected" complexity="1" crap="1" count="8"/>
        <line num="123" type="stmt" count="8"/>
        <line num="131" type="method" name="setClass" visibility="protected" complexity="1" crap="2.00" count="0"/>
        <line num="133" type="stmt" count="0"/>
        <line num="135" type="stmt" count="0"/>
        <metrics loc="137" ncloc="79" classes="1" methods="9" coveredmethods="4" conditionals="0" coveredconditionals="0" statements="18" coveredstatements="7" elements="27" coveredelements="11"/>
      </file>
      <file name="/Users/pwiejak/sites/ImageCrop/src/Writer/BMPWriter.php">
        <class name="wiejakp\ImageCrop\Writer\BMPWriter" namespace="wiejakp\ImageCrop\Writer">
          <metrics complexity="3" methods="2" coveredmethods="2" conditionals="0" coveredconditionals="0" statements="7" coveredstatements="7" elements="9" coveredelements="9"/>
        </class>
        <line num="25" type="method" name="__construct" visibility="public" complexity="1" crap="1" count="2"/>
        <line num="27" type="stmt" count="2"/>
        <line num="29" type="stmt" count="2"/>
        <line num="30" type="stmt" count="2"/>
        <line num="37" type="method" name="write" visibility="public" complexity="2" crap="2" count="1"/>
        <line num="39" type="stmt" count="1"/>
        <line num="41" type="stmt" count="1"/>
        <line num="42" type="stmt" count="1"/>
        <line num="45" type="stmt" count="1"/>
        <metrics loc="47" ncloc="28" classes="1" methods="2" coveredmethods="2" conditionals="0" coveredconditionals="0" statements="7" coveredstatements="7" elements="9" coveredelements="9"/>
      </file>
      <file name="/Users/pwiejak/sites/ImageCrop/src/Writer/GIFWriter.php">
        <class name="wiejakp\ImageCrop\Writer\GIFWriter" namespace="wiejakp\ImageCrop\Writer">
          <metrics complexity="3" methods="2" coveredmethods="2" conditionals="0" coveredconditionals="0" statements="7" coveredstatements="7" elements="9" coveredelements="9"/>
        </class>
        <line num="25" type="method" name="__construct" visibility="public" complexity="1" crap="1" count="2"/>
        <line num="27" type="stmt" count="2"/>
        <line num="29" type="stmt" count="2"/>
        <line num="30" type="stmt" count="2"/>
        <line num="37" type="method" name="write" visibility="public" complexity="2" crap="2" count="1"/>
        <line num="39" type="stmt" count="1"/>
        <line num="41" type="stmt" count="1"/>
        <line num="42" type="stmt" count="1"/>
        <line num="45" type="stmt" count="1"/>
        <metrics loc="47" ncloc="28" classes="1" methods="2" coveredmethods="2" conditionals="0" coveredconditionals="0" statements="7" coveredstatements="7" elements="9" coveredelements="9"/>
      </file>
      <file name="/Users/pwiejak/sites/ImageCrop/src/Writer/JPEGWriter.php">
        <class name="wiejakp\ImageCrop\Writer\JPEGWriter" namespace="wiejakp\ImageCrop\Writer">
          <metrics complexity="3" methods="2" coveredmethods="2" conditionals="0" coveredconditionals="0" statements="7" coveredstatements="7" elements="9" coveredelements="9"/>
        </class>
        <line num="25" type="method" name="__construct" visibility="public" complexity="1" crap="1" count="2"/>
        <line num="27" type="stmt" count="2"/>
        <line num="29" type="stmt" count="2"/>
        <line num="30" type="stmt" count="2"/>
        <line num="37" type="method" name="write" visibility="public" complexity="2" crap="2" count="1"/>
        <line num="39" type="stmt" count="1"/>
        <line num="41" type="stmt" count="1"/>
        <line num="42" type="stmt" count="1"/>
        <line num="45" type="stmt" count="1"/>
        <metrics loc="47" ncloc="28" classes="1" methods="2" coveredmethods="2" conditionals="0" coveredconditionals="0" statements="7" coveredstatements="7" elements="9" coveredelements="9"/>
      </file>
      <file name="/Users/pwiejak/sites/ImageCrop/src/Writer/PNGWriter.php">
        <class name="wiejakp\ImageCrop\Writer\PNGWriter" namespace="wiejakp\ImageCrop\Writer">
          <metrics complexity="3" methods="2" coveredmethods="2" conditionals="0" coveredconditionals="0" statements="7" coveredstatements="7" elements="9" coveredelements="9"/>
        </class>
        <line num="25" type="method" name="__construct" visibility="public" complexity="1" crap="1" count="2"/>
        <line num="27" type="stmt" count="2"/>
        <line num="29" type="stmt" count="2"/>
        <line num="30" type="stmt" count="2"/>
        <line num="37" type="method" name="write" visibility="public" complexity="2" crap="2" count="1"/>
        <line num="39" type="stmt" count="1"/>
        <line num="41" type="stmt" count="1"/>
        <line num="42" type="stmt" count="1"/>
        <line num="45" type="stmt" count="1"/>
        <metrics loc="47" ncloc="28" classes="1" methods="2" coveredmethods="2" conditionals="0" coveredconditionals="0" statements="7" coveredstatements="7" elements="9" coveredelements="9"/>
      </file>
    </package>
    <metrics files="20" loc="1471" ncloc="899" classes="12" methods="67" coveredmethods="32" conditionals="0" coveredconditionals="0" statements="242" coveredstatements="111" elements="309" coveredelements="143"/>
  </project>
</coverage>
